[debug] [2025-04-03T23:39:08.025Z] ----------------------------------------------------------------------
[debug] [2025-04-03T23:39:08.027Z] Command:       C:\Program Files\nodejs\node.exe C:\Users\Emanuel\AppData\Roaming\npm\node_modules\firebase-tools\lib\bin\firebase.js init
[debug] [2025-04-03T23:39:08.027Z] CLI Version:   14.1.0
[debug] [2025-04-03T23:39:08.027Z] Platform:      win32
[debug] [2025-04-03T23:39:08.027Z] Node Version:  v20.17.0
[debug] [2025-04-03T23:39:08.027Z] Time:          Thu Apr 03 2025 20:39:08 GMT-0300 (hora estándar de Argentina)
[debug] [2025-04-03T23:39:08.027Z] ----------------------------------------------------------------------
[debug] 
[debug] [2025-04-03T23:39:08.032Z] > command requires scopes: ["email","openid","https://www.googleapis.com/auth/cloudplatformprojects.readonly","https://www.googleapis.com/auth/firebase","https://www.googleapis.com/auth/cloud-platform"]
[debug] [2025-04-03T23:39:08.032Z] > authorizing via signed-in user (emanuelgimenez2@gmail.com)
[info] 
     ######## #### ########  ######## ########     ###     ######  ########
     ##        ##  ##     ## ##       ##     ##  ##   ##  ##       ##
     ######    ##  ########  ######   ########  #########  ######  ######
     ##        ##  ##    ##  ##       ##     ## ##     ##       ## ##
     ##       #### ##     ## ######## ########  ##     ##  ######  ########

You're about to initialize a Firebase project in this directory:

  C:\Users\Emanuel\Desktop\Nueva carpeta (4)

[info] 
=== Project Setup
[info] 
[info] First, let's associate this project directory with a Firebase project.
[info] You can create multiple project aliases by running firebase use --add, 
[info] but for now we'll just set up a default project.
[info] 
[debug] [2025-04-03T23:42:13.893Z] Checked if tokens are valid: false, expires at: 1725409107608
[debug] [2025-04-03T23:42:13.893Z] Checked if tokens are valid: false, expires at: 1725409107608
[debug] [2025-04-03T23:42:13.893Z] > refreshing access token with scopes: []
[debug] [2025-04-03T23:42:13.894Z] >>> [apiv2][query] POST https://www.googleapis.com/oauth2/v3/token [none]
[debug] [2025-04-03T23:42:13.895Z] >>> [apiv2][body] POST https://www.googleapis.com/oauth2/v3/token [omitted]
[debug] [2025-04-03T23:42:14.097Z] <<< [apiv2][status] POST https://www.googleapis.com/oauth2/v3/token 200
[debug] [2025-04-03T23:42:14.097Z] <<< [apiv2][body] POST https://www.googleapis.com/oauth2/v3/token [omitted]
[debug] [2025-04-03T23:42:14.102Z] >>> [apiv2][query] GET https://firebase.googleapis.com/v1beta1/projects pageSize=100
[debug] [2025-04-03T23:42:14.757Z] <<< [apiv2][status] GET https://firebase.googleapis.com/v1beta1/projects 200
[debug] [2025-04-03T23:42:14.757Z] <<< [apiv2][body] GET https://firebase.googleapis.com/v1beta1/projects [omitted]
